<?xml version="1.0" encoding="UTF-8"?>
<!-- Generated by org.testng.reporters.JUnitXMLReporter -->
<testsuite ignored="0" hostname="DESKTOP-4LJ66BR" failures="0" tests="3" name="Default test" time="26.026" errors="0" timestamp="2025-01-05T11:48:17 IST">
  <testcase classname="com.test.SaucelaborangeHRMdemo" name="login" time="22.36"/>
  <testcase classname="com.test.SaucelaborangeHRMdemo" name="testAdmin" time="1.607"/>
  <testcase classname="com.test.SaucelaborangeHRMdemo" name="logout" time="1.987"/>
</testsuite> <!-- Default test -->
