<?xml version="1.0" encoding="UTF-8"?>
<!-- Generated by org.testng.reporters.JUnitXMLReporter -->
<testsuite ignored="1" hostname="DESKTOP-4LJ66BR" failures="0" tests="2" name="Test" time="5.713" errors="0" timestamp="2025-01-16T19:17:46 IST">
  <testcase classname="com.orange.hrm.test1.LoginTest" name="loginWithValidUserNameAndValidPassword" time="2.938"/>
  <testcase classname="com.orange.hrm.test1.HomePageTest" name="logout" time="2.732"/>
  <testcase classname="com.orange.hrm.test1.BaseTest" name="@BeforeSuite initDriver" time="0.0">
    <ignored/>
  </testcase> <!-- @BeforeSuite initDriver -->
</testsuite> <!-- Test -->
