<?xml version="1.0" encoding="UTF-8"?>
<!-- Generated by org.testng.reporters.JUnitXMLReporter -->
<testsuite ignored="0" hostname="DESKTOP-4LJ66BR" failures="0" tests="3" name="Test" time="19.764" errors="0" timestamp="2024-12-30T09:56:37 IST">
  <testcase classname="com.test.OrangeHRMtest" name="login" time="16.574"/>
  <testcase classname="com.test.OrangeHRMtest" name="testAdmin" time="2.084"/>
  <testcase classname="com.test.OrangeHRMtest" name="logout" time="1.048"/>
</testsuite> <!-- Test -->
