<?xml version="1.0" encoding="UTF-8"?>
<testng-results ignored="0" total="3" passed="3" failed="0" skipped="0">
  <reporter-output>
  </reporter-output>
  <suite started-at="2024-12-30T09:56:17 IST" name="Suite" finished-at="2024-12-30T09:56:37 IST" duration-ms="19764">
    <groups>
    </groups>
    <test started-at="2024-12-30T09:56:17 IST" name="Test" finished-at="2024-12-30T09:56:37 IST" duration-ms="19764">
      <class name="com.test.OrangeHRMtest">
        <test-method signature="login()[pri:1, instance:com.test.OrangeHRMtest@71809907]" started-at="2024-12-30T09:56:17 IST" name="login" finished-at="2024-12-30T09:56:34 IST" duration-ms="16574" status="PASS">
          <reporter-output>
          </reporter-output>
        </test-method> <!-- login -->
        <test-method signature="testAdmin()[pri:2, instance:com.test.OrangeHRMtest@71809907]" started-at="2024-12-30T09:56:34 IST" name="testAdmin" finished-at="2024-12-30T09:56:36 IST" duration-ms="2084" status="PASS">
          <reporter-output>
          </reporter-output>
        </test-method> <!-- testAdmin -->
        <test-method signature="logout()[pri:3, instance:com.test.OrangeHRMtest@71809907]" started-at="2024-12-30T09:56:36 IST" name="logout" finished-at="2024-12-30T09:56:37 IST" duration-ms="1048" status="PASS">
          <reporter-output>
          </reporter-output>
        </test-method> <!-- logout -->
      </class> <!-- com.test.OrangeHRMtest -->
    </test> <!-- Test -->
  </suite> <!-- Suite -->
</testng-results>
